<component name="libraryTable">
  <library name="JUnit5.3">
    <CLASSES>
      <root url="file://$MAVEN_REPOSITORY$/org/junit/jupiter/junit-jupiter-api/5.4.0" />
    </CLASSES>
    <JAVADOC />
    <SOURCES />
    <jarDirectory url="file://$MAVEN_REPOSITORY$/org/junit/jupiter/junit-jupiter-api/5.4.0" recursive="false" />
  </library>
</component>